#-----------------------------------------------------------
# Vivado v2014.4 (64-bit)
# SW Build 1071353 on Tue Nov 18 18:24:04 MST 2014
# IP Build 1070531 on Tue Nov 18 01:10:18 MST 2014
# Start of session at: Mon May 04 15:37:05 2015
# Process ID: 7428
# Log file: C:/Users/Zac/Desktop/EE214Project_7Challenge/EE214_project7_challenge/vivado.log
# Journal file: C:/Users/Zac/Desktop/EE214Project_7Challenge/EE214_project7_challenge\vivado.jou
#-----------------------------------------------------------
start_gui
open_project C:/Users/Zac/Desktop/EE214Project_7Challenge/EE214_project7_challenge/EE214_project7_challenge.xpr
INFO: [Project 1-313] Project file moved from 'C:/Users/Noble/Documents/VivadoProjects/EE214_project7_challenge' since last save.
Scanning sources...
Finished scanning sources
INFO: [IP_Flow 19-234] Refreshing IP repositories
INFO: [IP_Flow 19-1704] No user IP repositories specified
INFO: [IP_Flow 19-2313] Loaded Vivado IP repository 'C:/Xilinx/Vivado/2014.4/data/ip'.
open_project: Time (s): cpu = 00:00:24 ; elapsed = 00:00:17 . Memory (MB): peak = 695.793 ; gain = 164.945
add_files -fileset constrs_1 -norecurse C:/Users/Zac/Documents/VivadoProjects/NexysDDRMasterFile/Nexys4DDR_Master.xdc
import_files -fileset constrs_1 C:/Users/Zac/Documents/VivadoProjects/NexysDDRMasterFile/Nexys4DDR_Master.xdc
set_property is_enabled false [get_files  C:/Users/Zac/Desktop/EE214Project_7Challenge/EE214_project7_challenge/EE214_project7_challenge.srcs/constrs_1/new/stopwatch_constraints.xdc]
reset_run synth_1
launch_runs impl_1 -to_step write_bitstream
[Mon May 04 15:52:44 2015] Launched synth_1...
Run output will be captured here: C:/Users/Zac/Desktop/EE214Project_7Challenge/EE214_project7_challenge/EE214_project7_challenge.runs/synth_1/runme.log
[Mon May 04 15:52:44 2015] Launched impl_1...
Run output will be captured here: C:/Users/Zac/Desktop/EE214Project_7Challenge/EE214_project7_challenge/EE214_project7_challenge.runs/impl_1/runme.log
open_hw
connect_hw_server
INFO: [Labtools 27-2285] Connecting to hw_server url TCP:localhost:3121
INFO: [Labtools 27-2222] Launching hw_server...
INFO: [Labtools 27-2221] Launch Output:

****** Xilinx hw_server v2014.4
  **** Build date : Nov 18 2014-18:09:44
    ** Copyright 1986-1999, 2001-2014 Xilinx, Inc. All Rights Reserved.

INFO: hw_server application started
INFO: Use Ctrl-C to exit hw_server application


****** Xilinx hw_server v2014.4
  **** Build date : Nov 18 2014-18:09:44
    ** Copyright 1986-1999, 2001-2014 Xilinx, Inc. All Rights Reserved.

INFO: hw_server application started
INFO: Use Ctrl-C to exit hw_server application


open_hw_target [lindex [get_hw_targets -of_objects [get_hw_servers localhost]] 0]
INFO: [Labtoolstcl 44-466] Opening hw_target localhost:3121/xilinx_tcf/Digilent/210292645893A
set_property PROGRAM.FILE {C:/Users/Zac/Desktop/EE214Project_7Challenge/EE214_project7_challenge/EE214_project7_challenge.runs/impl_1/stop_watch.bit} [lindex [get_hw_devices] 0]
set_property PROBES.FILE {C:/Users/Zac/Desktop/EE214Project_7Challenge/EE214_project7_challenge/EE214_project7_challenge.runs/impl_1/debug_nets.ltx} [lindex [get_hw_devices] 0]
current_hw_device [lindex [get_hw_devices] 0]
refresh_hw_device -update_hw_probes false [lindex [get_hw_devices] 0]
INFO: [Labtools 27-1434] Device xc7a100t (JTAG device index = 0) is programmed with a design that has no supported debug core(s) in it.
WARNING: [Labtools 27-3123] The debug hub core was not detected at User Scan Chain 1 or 3.
Resolution: 
1. Make sure the clock connected to the debug hub (dbg_hub) core is a free running clock and is active OR
2. Manually launch hw_server with -e "set xsdb-user-bscan <C_USER_SCAN_CHAIN scan_chain_number>" to detect the debug hub at User Scan Chain of 2 or 4. To determine the user scan chain setting, open the implemented design and use: get_property C_USER_SCAN_CHAIN [get_debug_cores dbg_hub].
set_property PROBES.FILE {C:/Users/Zac/Desktop/EE214Project_7Challenge/EE214_project7_challenge/EE214_project7_challenge.runs/impl_1/debug_nets.ltx} [lindex [get_hw_devices] 0]
set_property PROGRAM.FILE {C:/Users/Zac/Desktop/EE214Project_7Challenge/EE214_project7_challenge/EE214_project7_challenge.runs/impl_1/stop_watch.bit} [lindex [get_hw_devices] 0]
program_hw_devices [lindex [get_hw_devices] 0]
INFO: [Labtools 27-32] Done pin status: HIGH
refresh_hw_device [lindex [get_hw_devices] 0]
INFO: [Labtools 27-1434] Device xc7a100t (JTAG device index = 0) is programmed with a design that has no supported debug core(s) in it.
WARNING: [Labtools 27-3123] The debug hub core was not detected at User Scan Chain 1 or 3.
Resolution: 
1. Make sure the clock connected to the debug hub (dbg_hub) core is a free running clock and is active OR
2. Manually launch hw_server with -e "set xsdb-user-bscan <C_USER_SCAN_CHAIN scan_chain_number>" to detect the debug hub at User Scan Chain of 2 or 4. To determine the user scan chain setting, open the implemented design and use: get_property C_USER_SCAN_CHAIN [get_debug_cores dbg_hub].
refresh_hw_device [lindex [get_hw_devices] 0]
INFO: [Labtools 27-1434] Device xc7a100t (JTAG device index = 0) is programmed with a design that has no supported debug core(s) in it.
WARNING: [Labtools 27-3123] The debug hub core was not detected at User Scan Chain 1 or 3.
Resolution: 
1. Make sure the clock connected to the debug hub (dbg_hub) core is a free running clock and is active OR
2. Manually launch hw_server with -e "set xsdb-user-bscan <C_USER_SCAN_CHAIN scan_chain_number>" to detect the debug hub at User Scan Chain of 2 or 4. To determine the user scan chain setting, open the implemented design and use: get_property C_USER_SCAN_CHAIN [get_debug_cores dbg_hub].
refresh_hw_device [lindex [get_hw_devices] 0]
INFO: [Labtools 27-1434] Device xc7a100t (JTAG device index = 0) is programmed with a design that has no supported debug core(s) in it.
WARNING: [Labtools 27-3123] The debug hub core was not detected at User Scan Chain 1 or 3.
Resolution: 
1. Make sure the clock connected to the debug hub (dbg_hub) core is a free running clock and is active OR
2. Manually launch hw_server with -e "set xsdb-user-bscan <C_USER_SCAN_CHAIN scan_chain_number>" to detect the debug hub at User Scan Chain of 2 or 4. To determine the user scan chain setting, open the implemented design and use: get_property C_USER_SCAN_CHAIN [get_debug_cores dbg_hub].
set_property PROBES.FILE {C:/Users/Zac/Desktop/EE214Project_7Challenge/EE214_project7_challenge/EE214_project7_challenge.runs/impl_1/debug_nets.ltx} [lindex [get_hw_devices] 0]
set_property PROGRAM.FILE {C:/Users/Zac/Desktop/EE214Project_7Challenge/EE214_project7_challenge/EE214_project7_challenge.runs/impl_1/stop_watch.bit} [lindex [get_hw_devices] 0]
program_hw_devices [lindex [get_hw_devices] 0]
INFO: [Labtools 27-32] Done pin status: HIGH
refresh_hw_device [lindex [get_hw_devices] 0]
INFO: [Labtools 27-1434] Device xc7a100t (JTAG device index = 0) is programmed with a design that has no supported debug core(s) in it.
WARNING: [Labtools 27-3123] The debug hub core was not detected at User Scan Chain 1 or 3.
Resolution: 
1. Make sure the clock connected to the debug hub (dbg_hub) core is a free running clock and is active OR
2. Manually launch hw_server with -e "set xsdb-user-bscan <C_USER_SCAN_CHAIN scan_chain_number>" to detect the debug hub at User Scan Chain of 2 or 4. To determine the user scan chain setting, open the implemented design and use: get_property C_USER_SCAN_CHAIN [get_debug_cores dbg_hub].
exit
INFO: [Common 17-206] Exiting Vivado at Mon May 04 16:55:19 2015...
